Program
..FuncDefinition
....Int
....Id(main)
....ParamList
......ParamDeclaration
........Void
....FuncBody
......Call
........Id(func1)
........IntLit(1)
........IntLit(3)
......Call
........Id(func2)
........Comma
..........IntLit(1)
..........IntLit(2)
......If
........Id(a)
........StatList
..........Store
............Id(statement1)
............IntLit(1)
......Else
........StatList
..........Store
............Id(statement2)
............IntLit(2)
......If
........Id(a)
........StatList
..........Store
............Id(statement1)
............IntLit(1)
......If
........Id(a)
......Else
........StatList
..........Store
............Id(statement2)
............IntLit(2)
......If
........Id(a)
......Else
......While
........Id(a)
........StatList
..........Store
............Id(statement2)
............IntLit(2)
......While
........Id(a)
......While
........Id(a)
........StatList
......While
........Id(a)
........StatList
..........Store
............Id(statement1)
............IntLit(1)
..........Store
............Id(statement2)
............IntLit(2)
..........Store
............Id(statement3)
............IntLit(3)
......StatList
......StatList
........Store
..........Id(statement1)
..........IntLit(1)
......StatList
........Store
..........Id(statement1)
..........IntLit(1)
........Store
..........Id(statement2)
..........IntLit(2)
......Return
........IntLit(0)
......Return
