Program
..Declaration
....Short
....Id(a)
....IntLit(0)
....Id(b)
....IntLit(0)
....Id(d)
....Add
......Sub
........Mul
..........Mul
............Id(a)
............Id(b)
..........IntLit(1)
........Plus
..........IntLit(3)
......Div
........Id(d)
........IntLit(1)
..Declaration
....Double
....Id(d)
..Declaration
....Double
....Id(p)
....Div
......Mul
........Mul
..........IntLit(1)
..........Add
............Minus
..............Mul
................IntLit(1)
................IntLit(2)
............Mul
..............Div
................IntLit(3)
................IntLit(33)
..............IntLit(2)
........IntLit(3)
......IntLit(2)
..Declaration
....Int
....Id(h)
....Mod
......IntLit(10)
......IntLit(2)
....Id(l)
....Mul
......Mod
........IntLit(9)
........IntLit(2)
......IntLit(2)
..FuncDefinition
....Int
....Id(main)
....ParamList
......ParamDeclaration
........Int
........Id(argc)
....FuncBody
......Declaration
........Int
........Id(Number)
........Id(FirstDigit)
........Id(Sum)
........IntLit(0)
......Store
........Id(Count)
........Call
..........Id(log10)
..........Id(Number)
......Store
........Id(FirstDigit)
........Div
..........Id(Number)
..........Call
............Id(pow)
............IntLit(10)
............Id(Count)
......Store
........Id(LastDigit)
........Mod
..........Id(Number)
..........IntLit(10)
......Store
........Id(Sum)
........Add
..........Id(FirstDigit)
..........Id(LastDigit)
......Store
........Id(area)
........Mul
..........Mul
............Id(PI)
............Id(radius)
..........Id(radius)
......Store
........Id(circumference)
........Mul
..........Mul
............IntLit(2)
............Id(PI)
..........Id(radius)
......Store
........Id(diameter)
........Mul
..........IntLit(2)
..........Id(radius)
......Store
........Id(circumference)
........Mul
..........Mul
............IntLit(2)
............Id(PI)
..........Id(radius)
......Store
........Id(area)
........Mul
..........Mul
............Id(PI)
............Id(radius)
..........Id(radius)
......Store
........Id(Perimeter)
........Add
..........Add
............Id(a)
............Id(b)
..........Id(c)
......Store
........Id(s)
........Div
..........Add
............Add
..............Id(a)
..............Id(b)
............Id(c)
..........IntLit(2)
......Store
........Id(Area)
........Call
..........Id(sqrt)
..........Mul
............Mul
..............Mul
................Id(s)
................Sub
..................Id(s)
..................Id(a)
..............Sub
................Id(s)
................Id(b)
............Sub
..............Id(s)
..............Id(c)
......Store
........Id(area)
........Div
..........Mul
............Id(base)
............Id(height)
..........IntLit(2)
......Store
........Id(c)
........Sub
..........IntLit(180)
..........Add
............Id(a)
............Id(b)
......If
........And
..........Eq
............Id(side1)
............Id(side2)
..........Eq
............Id(side2)
............Id(side3)
........StatList
......If
........Or
..........Or
............Eq
..............Id(side1)
..............Id(side2)
............Eq
..............Id(side2)
..............Id(side3)
..........Eq
............Id(side1)
............Id(side3)
........StatList
........StatList
......Store
........Id(Sum)
........Add
..........Add
............Id(angle1)
............Id(angle2)
..........Id(angle3)
......Store
........Id(CIFuture)
........Mul
..........Id(PAmount)
..........Call
............Id(pow)
............Add
..............IntLit(1)
..............Div
................Id(ROI)
................IntLit(100)
............Id(Time_Period)
......Store
........Id(CI)
........Sub
..........Id(CIFuture)
..........Id(PAmount)
......Store
........Id(cube)
........Mul
..........Mul
............Id(number)
............Id(number)
..........Id(number)
......Store
........Id(cube)
........Call
..........Id(Calculte_Cude)
..........Id(number)
......Store
........Id(Temp)
........Id(Number)
......While
........Ne
..........Id(Temp)
..........IntLit(0)
........StatList
......Store
........Id(Temp)
........Id(Number)
......While
........Gt
..........Id(Temp)
..........IntLit(0)
........StatList
..FuncDefinition
....Int
....Id(Calculte_Cude)
....ParamList
......ParamDeclaration
........Int
........Id(Number)
....FuncBody
......Return
........Mul
..........Mul
............Id(Number)
............Id(Number)
..........Id(Number)
..FuncDefinition
....Int
....Id(func)
....ParamList
......ParamDeclaration
........Void
....FuncBody
......Declaration
........Int
........Id(i)
........Add
..........Id(i)
..........IntLit(1)
......Declaration
........Int
........Id(j)
........Add
..........Id(i)
..........IntLit(23)
........Id(var)
........Id(v)
......Call
........Id(func)
........Add
..........Id(j)
..........IntLit(1)
........IntLit(2)
........Mul
..........Mul
............IntLit(4)
............IntLit(3)
..........IntLit(2)
......Comma
........Comma
..........Comma
............IntLit(3)
............IntLit(4)
..........Comma
............Comma
..............IntLit(5)
..............IntLit(6)
............Comma
..............Comma
................IntLit(2)
................IntLit(5)
..............IntLit(2)
........Mul
..........IntLit(0)
..........IntLit(4)
......While
........Mul
..........IntLit(10)
..........Minus
............Mul
..............IntLit(2)
..............Minus
................Div
..................IntLit(7)
..................IntLit(2)
........StatList
......If
........Comma
..........Comma
............Comma
..............Comma
................Comma
..................Comma
....................Ge
......................Id(e)
......................Id(a)
....................Le
......................Id(e)
......................Id(b)
..................Lt
....................Id(a)
....................Id(d)
................Gt
..................Id(a)
..................Id(a)
..............Eq
................Id(a)
................Id(a)
............Ne
..............Id(i)
..............Id(a)
..........Not
............Call
..............Id(func)
..............Add
................Id(i)
................IntLit(1)
........Call
..........Id(getchar)
..........Id(a)
......If
........Or
..........BitWiseAnd
............IntLit(1)
............IntLit(1)
..........And
............BitWiseOr
..............IntLit(2)
..............IntLit(1)
............BitWiseXor
..............IntLit(24)
..............IntLit(2)
........StatList
......If
........Gt
..........Add
............Id(side1)
............Id(side2)
..........Id(side3)
........StatList
........StatList
......Return
........Sub
..........Mul
............Id(Number)
............Id(Number)
..........IntLit(111)
..FuncDefinition
....Int
....Id(calc)
....ParamList
......ParamDeclaration
........Int
........Id(Number)
....FuncBody
......Declaration
........Int
........Id(english)
........Id(chemistry)
........Id(maths)
......Declaration
........Double
........Id(number)
........Id(result)
......Store
........Id(Total)
........Add
..........Add
............Add
..............Add
................Id(english)
................Id(chemistry)
..............Id(computers)
............Id(physics)
..........Id(maths)
......Store
........Id(Average)
........Div
..........Id(Total)
..........IntLit(5)
......Store
........Id(Percentage)
........Mul
..........Div
............Id(Total)
............IntLit(500)
..........IntLit(100)
......Declaration
........Char
........Id(a)
........ChrLit('a')
......Store
........Id(result)
........Call
..........Id(sqrt)
..........Id(number)
......Return
........Div
..........Mul
............Id(Number)
............Id(Number)
..........Id(result)
..FuncDefinition
....Int
....Id(anotherone)
....ParamList
......ParamDeclaration
........Int
........Id(a)
......ParamDeclaration
........Int
........Id(b)
....FuncBody
......Store
........Id(discriminant)
........Sub
..........Mul
............Id(b)
............Id(b)
..........Mul
............Mul
..............IntLit(4)
..............Id(a)
............Id(c)
......Store
........Id(si)
........Div
..........Mul
............Mul
..............Id(PAmount)
..............Id(ROI)
............Id(Time_Period)
..........IntLit(100)
......If
........Gt
..........Id(discriminant)
..........IntLit(0)
........StatList
......Return
........Id(discriminant)
