===== Global Symbol Table =====
putchar	int(int)
getchar	int(void)
func1	int(int)
func2	int(double)

===== Function func1 Symbol Table =====
return	int
a	double	param

===== Function func2 Symbol Table =====
return	int
a	int	param

Program
..FuncDeclaration
....Int
....Id(func1)
....ParamList
......ParamDeclaration
........Int
........Id(a)
..FuncDefinition
....Int
....Id(func1)
....ParamList
......ParamDeclaration
........Double
........Id(a)
....FuncBody
..FuncDeclaration
....Int
....Id(func2)
....ParamList
......ParamDeclaration
........Double
........Id(a)
..FuncDefinition
....Int
....Id(func2)
....ParamList
......ParamDeclaration
........Int
........Id(a)
....FuncBody
