Line 3, col 5: Conflicting types (got int(int,short,char,double,int), expected int(int,short,char,double))
===== Global Symbol Table =====
putchar	int(int)
getchar	int(void)
f0	int(int,short,char,double)
main	int(void)

===== Function main Symbol Table =====
return	int
a	int
b	short
c	char
d	double

Program
..FuncDeclaration
....Int
....Id(f0)
....ParamList
......ParamDeclaration
........Int
......ParamDeclaration
........Short
......ParamDeclaration
........Char
......ParamDeclaration
........Double
..FuncDefinition
....Int
....Id(f0)
....ParamList
......ParamDeclaration
........Int
........Id(a)
......ParamDeclaration
........Short
........Id(b)
......ParamDeclaration
........Char
........Id(c)
......ParamDeclaration
........Double
........Id(d)
......ParamDeclaration
........Int
........Id(e)
....FuncBody
......Store
........Id(a)
........IntLit(1)
..FuncDefinition
....Int
....Id(main)
....ParamList
......ParamDeclaration
........Void
....FuncBody
......Declaration
........Int
........Id(a)
........IntLit(1) - int
......Declaration
........Short
........Id(b)
........IntLit(2) - int
......Declaration
........Char
........Id(c)
........ChrLit('a') - int
......Declaration
........Double
........Id(d)
........RealLit(2.0) - double
......Call - int
........Id(f0) - int(int,short,char,double)
........Id(a) - int
........Id(b) - short
........Id(c) - char
........Id(d) - double
