atual: f0
DEBUG: int
DEBUG: short
DEBUG: char
DEBUG: double
Line 12, col 5: Wrong number of arguments to function f0 (got 0, required 4)
===== Global Symbol Table =====
putchar	int(int)
getchar	int(void)
f0	int(int,short,char,double)
main	int(void)

===== Function f0 Symbol Table =====
return	int
a	int	param
b	short	param
c	char	param
d	double	param
e	int	param

===== Function main Symbol Table =====
return	int
a	int
b	short
c	char
d	double

Program
..FuncDeclaration
....Int
....Id(f0)
....ParamList
......ParamDeclaration
........Int
......ParamDeclaration
........Short
......ParamDeclaration
........Char
......ParamDeclaration
........Double
..FuncDefinition
....Int
....Id(f0)
....ParamList
......ParamDeclaration
........Int
........Id(a)
......ParamDeclaration
........Short
........Id(b)
......ParamDeclaration
........Char
........Id(c)
......ParamDeclaration
........Double
........Id(d)
......ParamDeclaration
........Int
........Id(e)
....FuncBody
......Store - int
........Id(a) - int
........IntLit(1) - int
..FuncDefinition
....Int
....Id(main)
....ParamList
......ParamDeclaration
........Void
....FuncBody
......Declaration
........Int
........Id(a)
........IntLit(1) - int
......Declaration
........Short
........Id(b)
........IntLit(2) - int
......Declaration
........Char
........Id(c)
........ChrLit('a') - int
......Declaration
........Double
........Id(d)
........RealLit(2.0) - double
......Call - int
........Id(f0) - int(int,short,char,double)
........Id(a) - int
........Id(b) - short
........Id(c) - char
........Id(d) - double
