===== Global Symbol Table =====
putchar	int(int)
getchar	int(void)
f1	void(void)
f2	char(int)
f3	int(char)
f4	void(int,short,double)
f5	int(char,int,int)
f6	double(short,double,int)
f7	double(short,double,int)

Program
..FuncDeclaration
....Void
....Id(f1)
....ParamList
......ParamDeclaration
........Void
..FuncDeclaration
....Char
....Id(f2)
....ParamList
......ParamDeclaration
........Int
........Id(a)
..FuncDeclaration
....Int
....Id(f3)
....ParamList
......ParamDeclaration
........Char
........Id(a)
..FuncDeclaration
....Void
....Id(f4)
....ParamList
......ParamDeclaration
........Int
........Id(a)
......ParamDeclaration
........Short
........Id(b)
......ParamDeclaration
........Double
........Id(c)
..FuncDeclaration
....Int
....Id(f5)
....ParamList
......ParamDeclaration
........Char
........Id(a)
......ParamDeclaration
........Int
........Id(b)
......ParamDeclaration
........Int
........Id(c)
..FuncDeclaration
....Double
....Id(f6)
....ParamList
......ParamDeclaration
........Short
........Id(a)
......ParamDeclaration
........Double
........Id(b)
......ParamDeclaration
........Int
........Id(c)
..FuncDeclaration
....Double
....Id(f7)
....ParamList
......ParamDeclaration
........Short
........Id(a)
......ParamDeclaration
........Double
........Id(b)
......ParamDeclaration
........Int
........Id(b)
..FuncDeclaration
....Void
....Id(f1)
....ParamList
......ParamDeclaration
........Void
..FuncDeclaration
....Char
....Id(f2)
....ParamList
......ParamDeclaration
........Int
........Id(A)
..FuncDeclaration
....Int
....Id(f3)
....ParamList
......ParamDeclaration
........Char
........Id(A)
..FuncDeclaration
....Void
....Id(f4)
....ParamList
......ParamDeclaration
........Int
........Id(A)
......ParamDeclaration
........Short
........Id(B)
......ParamDeclaration
........Double
........Id(C)
..FuncDeclaration
....Int
....Id(f5)
....ParamList
......ParamDeclaration
........Char
........Id(d)
......ParamDeclaration
........Int
........Id(e)
......ParamDeclaration
........Int
........Id(f)
..FuncDeclaration
....Double
....Id(f6)
....ParamList
......ParamDeclaration
........Short
........Id(d)
......ParamDeclaration
........Double
........Id(e)
......ParamDeclaration
........Int
........Id(f)
..FuncDeclaration
....Char
....Id(f1)
....ParamList
......ParamDeclaration
........Void
..FuncDeclaration
....Int
....Id(f2)
....ParamList
......ParamDeclaration
........Int
........Id(a)
..FuncDeclaration
....Void
....Id(f3)
....ParamList
......ParamDeclaration
........Char
........Id(a)
..FuncDeclaration
....Int
....Id(f4)
....ParamList
......ParamDeclaration
........Int
........Id(A)
......ParamDeclaration
........Short
........Id(B)
......ParamDeclaration
........Double
........Id(C)
..FuncDeclaration
....Double
....Id(f5)
....ParamList
......ParamDeclaration
........Char
........Id(d)
......ParamDeclaration
........Int
........Id(e)
......ParamDeclaration
........Int
........Id(f)
..FuncDeclaration
....Void
....Id(f6)
....ParamList
......ParamDeclaration
........Short
........Id(d)
......ParamDeclaration
........Double
........Id(e)
......ParamDeclaration
........Int
........Id(f)
..FuncDeclaration
....Int
....Id(f2)
....ParamList
......ParamDeclaration
........Int
........Id(a)
......ParamDeclaration
........Int
........Id(b)
..FuncDeclaration
....Void
....Id(f3)
....ParamList
......ParamDeclaration
........Char
........Id(a)
......ParamDeclaration
........Char
........Id(b)
..FuncDeclaration
....Int
....Id(f2)
....ParamList
......ParamDeclaration
........Int
........Id(a)
......ParamDeclaration
........Int
..FuncDeclaration
....Void
....Id(f3)
....ParamList
......ParamDeclaration
........Char
........Id(a)
......ParamDeclaration
........Char
..FuncDeclaration
....Void
....Id(f4)
....ParamList
......ParamDeclaration
........Int
........Id(a)
......ParamDeclaration
........Short
........Id(b)
......ParamDeclaration
........Double
........Id(c)
......ParamDeclaration
........Char
........Id(f)
..FuncDeclaration
....Int
....Id(f5)
....ParamList
......ParamDeclaration
........Char
........Id(a)
......ParamDeclaration
........Int
........Id(b)
......ParamDeclaration
........Int
........Id(c)
......ParamDeclaration
........Double
........Id(e)
..FuncDeclaration
....Double
....Id(f6)
....ParamList
......ParamDeclaration
........Short
........Id(a)
......ParamDeclaration
........Double
........Id(b)
......ParamDeclaration
........Int
........Id(c)
......ParamDeclaration
........Char
........Id(u)
..FuncDeclaration
....Void
....Id(f4)
....ParamList
......ParamDeclaration
........Int
........Id(a)
......ParamDeclaration
........Short
........Id(b)
......ParamDeclaration
........Double
........Id(c)
......ParamDeclaration
........Char
........Id(f)
......ParamDeclaration
........Double
........Id(t)
..FuncDeclaration
....Int
....Id(f5)
....ParamList
......ParamDeclaration
........Char
........Id(a)
......ParamDeclaration
........Int
........Id(b)
......ParamDeclaration
........Int
........Id(c)
......ParamDeclaration
........Double
........Id(e)
......ParamDeclaration
........Char
........Id(t)
..FuncDeclaration
....Double
....Id(f6)
....ParamList
......ParamDeclaration
........Short
........Id(a)
......ParamDeclaration
........Double
........Id(b)
......ParamDeclaration
........Int
........Id(c)
......ParamDeclaration
........Char
........Id(u)
......ParamDeclaration
........Short
........Id(i)
..FuncDeclaration
....Char
....Id(f2)
....ParamList
......ParamDeclaration
........Void
..FuncDeclaration
....Int
....Id(f3)
....ParamList
......ParamDeclaration
........Void
..FuncDeclaration
....Void
....Id(f4)
....ParamList
......ParamDeclaration
........Int
........Id(a)
......ParamDeclaration
........Short
........Id(b)
..FuncDeclaration
....Int
....Id(f5)
....ParamList
......ParamDeclaration
........Char
........Id(a)
......ParamDeclaration
........Int
........Id(b)
..FuncDeclaration
....Double
....Id(f6)
....ParamList
......ParamDeclaration
........Short
........Id(a)
......ParamDeclaration
........Double
........Id(b)
..FuncDeclaration
....Void
....Id(f4)
....ParamList
......ParamDeclaration
........Int
........Id(a)
..FuncDeclaration
....Int
....Id(f5)
....ParamList
......ParamDeclaration
........Char
........Id(a)
..FuncDeclaration
....Double
....Id(f6)
....ParamList
......ParamDeclaration
........Short
........Id(a)
..FuncDeclaration
....Void
....Id(f1)
....ParamList
......ParamDeclaration
........Int
........Id(a)
..FuncDeclaration
....Char
....Id(f2)
....ParamList
......ParamDeclaration
........Char
..FuncDeclaration
....Int
....Id(f3)
....ParamList
......ParamDeclaration
........Void
..FuncDeclaration
....Void
....Id(f4)
....ParamList
......ParamDeclaration
........Int
........Id(a)
......ParamDeclaration
........Double
........Id(b)
......ParamDeclaration
........Double
........Id(c)
..FuncDeclaration
....Int
....Id(f5)
....ParamList
......ParamDeclaration
........Char
........Id(a)
......ParamDeclaration
........Int
........Id(b)
......ParamDeclaration
........Double
........Id(c)
