Line 19, col 8: Conflicting types (got double, expected int)
Line 20, col 12: Conflicting types (got double, expected short)
Line 21, col 16: Conflicting types (got double, expected char)
Line 23, col 20: Conflicting types (got void, expected double)
Line 24, col 5: Wrong number of arguments to function g0 (got 1, required 0)
Line 25, col 5: Wrong number of arguments to function g1 (got 4, required 0)
Line 26, col 5: Wrong number of arguments to function g2 (got 8, required 0)
Line 27, col 5: Wrong number of arguments to function g2 (got 8, required 0)
Line 28, col 5: Wrong number of arguments to function f2 (got 1, required 4)
Line 29, col 5: Wrong number of arguments to function f2 (got 16, required 4)
===== Global Symbol Table =====
putchar	int(int)
getchar	int(void)
A0	int
A1	int
A2	int
A3	int
A4	int
B1	short
B2	short
B3	short
B4	short
C0	char
C1	char
C2	char
C3	char
C4	char
D1	double
D2	double
D3	double
D4	double
argc	char
argv	int
g0	void(void)
g1	char(void)
g2	int(void)
f0	int(int,short,char,double)
f1	char(int,short,char,double)
f2	short(int,short,char,double)
f3	double(int,short,char,double)
f4	void(int,short,char,double)
main	int(void)

===== Function main Symbol Table =====
return	int

Program
..Declaration
....Int
....Id(A0)
..Declaration
....Int
....Id(A1)
..Declaration
....Int
....Id(A2)
..Declaration
....Int
....Id(A3)
..Declaration
....Int
....Id(A4)
..Declaration
....Short
....Id(B1)
..Declaration
....Short
....Id(B2)
..Declaration
....Short
....Id(B3)
..Declaration
....Short
....Id(B4)
..Declaration
....Char
....Id(C0)
..Declaration
....Char
....Id(C1)
..Declaration
....Char
....Id(C2)
..Declaration
....Char
....Id(C3)
..Declaration
....Char
....Id(C4)
..Declaration
....Double
....Id(D1)
..Declaration
....Double
....Id(D2)
..Declaration
....Double
....Id(D3)
..Declaration
....Double
....Id(D4)
..Declaration
....Char
....Id(argc)
..Declaration
....Int
....Id(argv)
..FuncDeclaration
....Void
....Id(g0)
....ParamList
......ParamDeclaration
........Void
..FuncDeclaration
....Char
....Id(g1)
....ParamList
......ParamDeclaration
........Void
..FuncDeclaration
....Int
....Id(g2)
....ParamList
......ParamDeclaration
........Void
..FuncDeclaration
....Int
....Id(f0)
....ParamList
......ParamDeclaration
........Int
......ParamDeclaration
........Short
......ParamDeclaration
........Char
......ParamDeclaration
........Double
..FuncDeclaration
....Char
....Id(f1)
....ParamList
......ParamDeclaration
........Int
......ParamDeclaration
........Short
......ParamDeclaration
........Char
......ParamDeclaration
........Double
..FuncDeclaration
....Short
....Id(f2)
....ParamList
......ParamDeclaration
........Int
......ParamDeclaration
........Short
......ParamDeclaration
........Char
......ParamDeclaration
........Double
..FuncDeclaration
....Double
....Id(f3)
....ParamList
......ParamDeclaration
........Int
......ParamDeclaration
........Short
......ParamDeclaration
........Char
......ParamDeclaration
........Double
..FuncDeclaration
....Void
....Id(f4)
....ParamList
......ParamDeclaration
........Int
......ParamDeclaration
........Short
......ParamDeclaration
........Char
......ParamDeclaration
........Double
..FuncDefinition
....Int
....Id(main)
....ParamList
......ParamDeclaration
........Void
....FuncBody
......Call - int
........Id(f0) - int(int,short,char,double)
........Id(A1) - int
........Id(B1) - short
........Id(C0) - char
........Id(D1) - double
......Call - int
........Id(f0) - int(int,short,char,double)
........Id(B1) - short
........Id(B1) - short
........Id(C0) - char
........Id(D1) - double
......Call - int
........Id(f0) - int(int,short,char,double)
........Id(D1) - double
........Id(B1) - short
........Id(C0) - char
........Id(D1) - double
......Call - int
........Id(f0) - int(int,short,char,double)
........Id(A1) - int
........Id(D1) - double
........Id(C0) - char
........Id(D1) - double
......Call - int
........Id(f0) - int(int,short,char,double)
........Id(A1) - int
........Id(B1) - short
........Id(D1) - double
........Id(D1) - double
......Call - int
........Id(f0) - int(int,short,char,double)
........Id(A1) - int
........Id(B1) - short
........Id(C0) - char
........Id(A1) - int
......Call - int
........Id(f0) - int(int,short,char,double)
........Id(A1) - int
........Id(B1) - short
........Id(C0) - char
........Call - void
..........Id(g0) - void(void)
......Call - void
........Id(g0) - void(void)
........Id(A1) - int
......Call - char
........Id(g1) - char(void)
........Id(D1) - double
........Id(B1) - short
........Id(C0) - char
........Id(D1) - double
......Call - int
........Id(g2) - int(void)
........Id(D1) - double
........Id(B1) - short
........Id(C0) - char
........Id(D1) - double
........Id(A1) - int
........Id(B1) - short
........Id(C0) - char
........Id(A1) - int
......Call - int
........Id(g2) - int(void)
........Id(D1) - double
........Id(B1) - short
........Id(C0) - char
........Id(D1) - double
........Id(A1) - int
........Id(B1) - short
........Id(C0) - char
........Id(A1) - int
......Call - short
........Id(f2) - short(int,short,char,double)
........Id(A1) - int
......Call - short
........Id(f2) - short(int,short,char,double)
........Id(A1) - int
........Id(B1) - short
........Id(C0) - char
........Id(D1) - double
........Id(A1) - int
........Id(B1) - short
........Id(C0) - char
........Id(A1) - int
........Id(D1) - double
........Id(B1) - short
........Id(C0) - char
........Id(D1) - double
........Id(A1) - int
........Id(B1) - short
........Id(C0) - char
........Id(A1) - int
