Line 11, col 34: Symbol b already defined
Line 26, col 6: Conflicting types (got char(void), expected void(void))
Line 27, col 5: Conflicting types (got int(int), expected char(int))
Line 28, col 6: Conflicting types (got void(char), expected int(char))
Line 30, col 5: Conflicting types (got int(int,short,double), expected void(int,short,double))
Line 31, col 8: Conflicting types (got double(char,int,int), expected int(char,int,int))
Line 32, col 6: Conflicting types (got void(short,double,int), expected double(short,double,int))
Line 36, col 5: Conflicting types (got int(int,int), expected char(int))
Line 37, col 6: Conflicting types (got void(char,char), expected int(char))
Line 38, col 5: Conflicting types (got int(int,int), expected char(int))
Line 39, col 6: Conflicting types (got void(char,char), expected int(char))
Line 41, col 6: Conflicting types (got void(int,short,double,char), expected void(int,short,double))
Line 42, col 5: Conflicting types (got int(char,int,int,double), expected int(char,int,int))
Line 43, col 8: Conflicting types (got double(short,double,int,char), expected double(short,double,int))
Line 45, col 6: Conflicting types (got void(int,short,double,char,double), expected void(int,short,double))
Line 46, col 5: Conflicting types (got int(char,int,int,double,char), expected int(char,int,int))
Line 47, col 8: Conflicting types (got double(short,double,int,char,short), expected double(short,double,int))
Line 51, col 6: Conflicting types (got char(void), expected char(int))
Line 52, col 5: Conflicting types (got int(void), expected int(char))
Line 54, col 6: Conflicting types (got void(int,short), expected void(int,short,double))
Line 55, col 5: Conflicting types (got int(char,int), expected int(char,int,int))
Line 56, col 8: Conflicting types (got double(short,double), expected double(short,double,int))
Line 58, col 6: Conflicting types (got void(int), expected void(int,short,double))
Line 59, col 5: Conflicting types (got int(char), expected int(char,int,int))
Line 60, col 8: Conflicting types (got double(short), expected double(short,double,int))
Line 64, col 6: Conflicting types (got void(int), expected void(void))
Line 65, col 6: Conflicting types (got char(char), expected char(int))
Line 66, col 5: Conflicting types (got int(void), expected int(char))
Line 68, col 6: Conflicting types (got void(int,double,double), expected void(int,short,double))
Line 69, col 5: Conflicting types (got int(char,int,double), expected int(char,int,int))
===== Global Symbol Table =====
putchar	int(int)
getchar	int(void)
f1	void(void)
f2	char(int)
f3	int(char)
f4	void(int,short,double)
f5	int(char,int,int)
f6	double(short,double,int)
f7	double(short,double,int)

Program
..FuncDeclaration
....Void
....Id(f1)
....ParamList
......ParamDeclaration
........Void
..FuncDeclaration
....Char
....Id(f2)
....ParamList
......ParamDeclaration
........Int
........Id(a)
..FuncDeclaration
....Int
....Id(f3)
....ParamList
......ParamDeclaration
........Char
........Id(a)
..FuncDeclaration
....Void
....Id(f4)
....ParamList
......ParamDeclaration
........Int
........Id(a)
......ParamDeclaration
........Short
........Id(b)
......ParamDeclaration
........Double
........Id(c)
..FuncDeclaration
....Int
....Id(f5)
....ParamList
......ParamDeclaration
........Char
........Id(a)
......ParamDeclaration
........Int
........Id(b)
......ParamDeclaration
........Int
........Id(c)
..FuncDeclaration
....Double
....Id(f6)
....ParamList
......ParamDeclaration
........Short
........Id(a)
......ParamDeclaration
........Double
........Id(b)
......ParamDeclaration
........Int
........Id(c)
..FuncDeclaration
....Double
....Id(f7)
....ParamList
......ParamDeclaration
........Short
........Id(a)
......ParamDeclaration
........Double
........Id(b)
......ParamDeclaration
........Int
........Id(b)
..FuncDeclaration
....Void
....Id(f1)
....ParamList
......ParamDeclaration
........Void
..FuncDeclaration
....Char
....Id(f2)
....ParamList
......ParamDeclaration
........Int
........Id(A)
..FuncDeclaration
....Int
....Id(f3)
....ParamList
......ParamDeclaration
........Char
........Id(A)
..FuncDeclaration
....Void
....Id(f4)
....ParamList
......ParamDeclaration
........Int
........Id(A)
......ParamDeclaration
........Short
........Id(B)
......ParamDeclaration
........Double
........Id(C)
..FuncDeclaration
....Int
....Id(f5)
....ParamList
......ParamDeclaration
........Char
........Id(d)
......ParamDeclaration
........Int
........Id(e)
......ParamDeclaration
........Int
........Id(f)
..FuncDeclaration
....Double
....Id(f6)
....ParamList
......ParamDeclaration
........Short
........Id(d)
......ParamDeclaration
........Double
........Id(e)
......ParamDeclaration
........Int
........Id(f)
..FuncDeclaration
....Char
....Id(f1)
....ParamList
......ParamDeclaration
........Void
..FuncDeclaration
....Int
....Id(f2)
....ParamList
......ParamDeclaration
........Int
........Id(a)
..FuncDeclaration
....Void
....Id(f3)
....ParamList
......ParamDeclaration
........Char
........Id(a)
..FuncDeclaration
....Int
....Id(f4)
....ParamList
......ParamDeclaration
........Int
........Id(A)
......ParamDeclaration
........Short
........Id(B)
......ParamDeclaration
........Double
........Id(C)
..FuncDeclaration
....Double
....Id(f5)
....ParamList
......ParamDeclaration
........Char
........Id(d)
......ParamDeclaration
........Int
........Id(e)
......ParamDeclaration
........Int
........Id(f)
..FuncDeclaration
....Void
....Id(f6)
....ParamList
......ParamDeclaration
........Short
........Id(d)
......ParamDeclaration
........Double
........Id(e)
......ParamDeclaration
........Int
........Id(f)
..FuncDeclaration
....Int
....Id(f2)
....ParamList
......ParamDeclaration
........Int
........Id(a)
......ParamDeclaration
........Int
........Id(b)
..FuncDeclaration
....Void
....Id(f3)
....ParamList
......ParamDeclaration
........Char
........Id(a)
......ParamDeclaration
........Char
........Id(b)
..FuncDeclaration
....Int
....Id(f2)
....ParamList
......ParamDeclaration
........Int
........Id(a)
......ParamDeclaration
........Int
..FuncDeclaration
....Void
....Id(f3)
....ParamList
......ParamDeclaration
........Char
........Id(a)
......ParamDeclaration
........Char
..FuncDeclaration
....Void
....Id(f4)
....ParamList
......ParamDeclaration
........Int
........Id(a)
......ParamDeclaration
........Short
........Id(b)
......ParamDeclaration
........Double
........Id(c)
......ParamDeclaration
........Char
........Id(f)
..FuncDeclaration
....Int
....Id(f5)
....ParamList
......ParamDeclaration
........Char
........Id(a)
......ParamDeclaration
........Int
........Id(b)
......ParamDeclaration
........Int
........Id(c)
......ParamDeclaration
........Double
........Id(e)
..FuncDeclaration
....Double
....Id(f6)
....ParamList
......ParamDeclaration
........Short
........Id(a)
......ParamDeclaration
........Double
........Id(b)
......ParamDeclaration
........Int
........Id(c)
......ParamDeclaration
........Char
........Id(u)
..FuncDeclaration
....Void
....Id(f4)
....ParamList
......ParamDeclaration
........Int
........Id(a)
......ParamDeclaration
........Short
........Id(b)
......ParamDeclaration
........Double
........Id(c)
......ParamDeclaration
........Char
........Id(f)
......ParamDeclaration
........Double
........Id(t)
..FuncDeclaration
....Int
....Id(f5)
....ParamList
......ParamDeclaration
........Char
........Id(a)
......ParamDeclaration
........Int
........Id(b)
......ParamDeclaration
........Int
........Id(c)
......ParamDeclaration
........Double
........Id(e)
......ParamDeclaration
........Char
........Id(t)
..FuncDeclaration
....Double
....Id(f6)
....ParamList
......ParamDeclaration
........Short
........Id(a)
......ParamDeclaration
........Double
........Id(b)
......ParamDeclaration
........Int
........Id(c)
......ParamDeclaration
........Char
........Id(u)
......ParamDeclaration
........Short
........Id(i)
..FuncDeclaration
....Char
....Id(f2)
....ParamList
......ParamDeclaration
........Void
..FuncDeclaration
....Int
....Id(f3)
....ParamList
......ParamDeclaration
........Void
..FuncDeclaration
....Void
....Id(f4)
....ParamList
......ParamDeclaration
........Int
........Id(a)
......ParamDeclaration
........Short
........Id(b)
..FuncDeclaration
....Int
....Id(f5)
....ParamList
......ParamDeclaration
........Char
........Id(a)
......ParamDeclaration
........Int
........Id(b)
..FuncDeclaration
....Double
....Id(f6)
....ParamList
......ParamDeclaration
........Short
........Id(a)
......ParamDeclaration
........Double
........Id(b)
..FuncDeclaration
....Void
....Id(f4)
....ParamList
......ParamDeclaration
........Int
........Id(a)
..FuncDeclaration
....Int
....Id(f5)
....ParamList
......ParamDeclaration
........Char
........Id(a)
..FuncDeclaration
....Double
....Id(f6)
....ParamList
......ParamDeclaration
........Short
........Id(a)
..FuncDeclaration
....Void
....Id(f1)
....ParamList
......ParamDeclaration
........Int
........Id(a)
..FuncDeclaration
....Char
....Id(f2)
....ParamList
......ParamDeclaration
........Char
..FuncDeclaration
....Int
....Id(f3)
....ParamList
......ParamDeclaration
........Void
..FuncDeclaration
....Void
....Id(f4)
....ParamList
......ParamDeclaration
........Int
........Id(a)
......ParamDeclaration
........Double
........Id(b)
......ParamDeclaration
........Double
........Id(c)
..FuncDeclaration
....Int
....Id(f5)
....ParamList
......ParamDeclaration
........Char
........Id(a)
......ParamDeclaration
........Int
........Id(b)
......ParamDeclaration
........Double
........Id(c)
