===== Global Symbol Table =====
putchar	int(int)
getchar	int(void)
a	int(int)
abc	char
main	int(void)

===== Function a Symbol Table =====
return	int
x	int	param
b	int
c	int
d	int

===== Function main Symbol Table =====
return	int
i	char

Program
..FuncDeclaration
....Int
....Id(a)
....ParamList
......ParamDeclaration
........Int
........Id(x)
..Declaration
....Char
....Id(abc)
..FuncDefinition
....Int
....Id(main)
....ParamList
......ParamDeclaration
........Void
....FuncBody
......Declaration
........Char
........Id(i)
........ChrLit('A') - int
......While
........Le - int
..........Id(i) - char
..........ChrLit('Z') - int
........StatList
..........Call - int
............Id(putchar) - int(int)
............Id(i) - char
..........Store - char
............Id(i) - char
............Add - int
..............Id(i) - char
..............IntLit(1) - int
......Return
........IntLit(0) - int
..FuncDefinition
....Int
....Id(a)
....ParamList
......ParamDeclaration
........Int
........Id(x)
....FuncBody
......Declaration
........Int
........Id(b)
........IntLit(3) - int
......Declaration
........Int
........Id(c)
......Declaration
........Int
........Id(d)
